c:\users\valkyrie\documents\_school\software engineering\code\hotelgui - combined\project2\debug\vc120.pdb
c:\users\valkyrie\documents\_school\software engineering\code\hotelgui - combined\project2\debug\reservation.obj
c:\users\valkyrie\documents\_school\software engineering\code\hotelgui - combined\project2\debug\requiredinfo.obj
c:\users\valkyrie\documents\_school\software engineering\code\hotelgui - combined\project2\debug\generalinfo.obj
c:\users\valkyrie\documents\_school\software engineering\code\hotelgui - combined\project2\debug\extrafeatures.obj
c:\users\valkyrie\documents\_school\software engineering\code\hotelgui - combined\project2\debug\date.obj
c:\users\valkyrie\documents\_school\software engineering\code\hotelgui - combined\project2\debug\creditcard.obj
c:\users\valkyrie\documents\_school\software engineering\code\hotelgui - combined\project2\debug\reservationmenu.obj
c:\users\valkyrie\documents\_school\software engineering\code\hotelgui - combined\project2\debug\main.obj
c:\users\valkyrie\documents\_school\software engineering\code\hotelgui - combined\project2\debug\inventorymenu.obj
c:\users\valkyrie\documents\_school\software engineering\code\hotelgui - combined\project2\debug\reportsmenu.obj
c:\users\valkyrie\documents\_school\software engineering\code\hotelgui - combined\project2\debug\ratesmenu.obj
c:\users\valkyrie\documents\_school\software engineering\code\hotelgui - combined\project2\debug\mainmenu.obj
c:\users\valkyrie\documents\_school\software engineering\code\hotelgui - combined\project2\debug\hotel.obj
c:\users\valkyrie\documents\_school\software engineering\code\hotelgui - combined\project2\debug\db.obj
c:\users\valkyrie\documents\_school\software engineering\code\hotelgui - combined\project2\debug\dateselectioncalendar.obj
c:\users\valkyrie\documents\_school\software engineering\code\hotelgui - combined\project2\debug\accountsvector.obj
c:\users\valkyrie\documents\_school\software engineering\code\hotelgui - combined\project2\debug\accountsmanager.obj
c:\users\valkyrie\documents\_school\software engineering\code\hotelgui - combined\project2\debug\accountsemployee.obj
c:\users\valkyrie\documents\_school\software engineering\code\hotelgui - combined\project2\debug\accounts.obj
c:\users\valkyrie\documents\_school\software engineering\code\hotelgui - combined\project2\debug\accountmenu.obj
c:\users\valkyrie\documents\_school\software engineering\code\hotelgui - combined\project2\debug\roomtype.obj
c:\users\valkyrie\documents\_school\software engineering\code\hotelgui - combined\project2\debug\room.obj
c:\users\valkyrie\documents\_school\software engineering\code\hotelgui - combined\project2\debug\features.obj
c:\users\valkyrie\documents\_school\software engineering\code\hotelgui - combined\project2\debug\sqlite3.obj
c:\users\valkyrie\documents\_school\software engineering\code\hotelgui - combined\project2\debug\.netframework,version=v4.5.assemblyattributes.obj
c:\users\valkyrie\documents\_school\software engineering\code\hotelgui - combined\project2\debug\project2.accountmenu.resources
c:\users\valkyrie\documents\_school\software engineering\code\hotelgui - combined\project2\debug\project2.dateselectioncalendar.resources
c:\users\valkyrie\documents\_school\software engineering\code\hotelgui - combined\project2\debug\project2.mainmenu.resources
c:\users\valkyrie\documents\_school\software engineering\code\hotelgui - combined\project2\debug\project2.inventorymenu.resources
c:\users\valkyrie\documents\_school\software engineering\code\hotelgui - combined\project2\debug\project2.ratesmenu.resources
c:\users\valkyrie\documents\_school\software engineering\code\hotelgui - combined\project2\debug\project2.reportsmenu.resources
c:\users\valkyrie\documents\_school\software engineering\code\hotelgui - combined\project2\debug\project2.reservationmenu.resources
c:\users\valkyrie\documents\_school\software engineering\code\hotelgui - combined\project2\debug\mainmenu.res
c:\users\valkyrie\documents\_school\software engineering\code\hotelgui - combined\project2\debug\project2.vcxproj.generateresource.cache
c:\users\valkyrie\documents\_school\software engineering\code\hotelgui - combined\project2\debug\project2.vcxprojresolveassemblyreference.cache
c:\users\valkyrie\documents\_school\software engineering\code\hotelgui - combined\debug\mainmenu.pdb
c:\users\valkyrie\documents\_school\software engineering\code\hotelgui - combined\project2\debug\mainmenu.tlog\cl.command.1.tlog
c:\users\valkyrie\documents\_school\software engineering\code\hotelgui - combined\project2\debug\mainmenu.tlog\cl.read.1.tlog
c:\users\valkyrie\documents\_school\software engineering\code\hotelgui - combined\project2\debug\mainmenu.tlog\cl.write.1.tlog
c:\users\valkyrie\documents\_school\software engineering\code\hotelgui - combined\project2\debug\mainmenu.tlog\link.7544-cvtres.read.1.tlog
c:\users\valkyrie\documents\_school\software engineering\code\hotelgui - combined\project2\debug\mainmenu.tlog\link.7544-cvtres.write.1.tlog
c:\users\valkyrie\documents\_school\software engineering\code\hotelgui - combined\project2\debug\mainmenu.tlog\link.7544-rc.read.1.tlog
c:\users\valkyrie\documents\_school\software engineering\code\hotelgui - combined\project2\debug\mainmenu.tlog\link.7544-rc.write.1.tlog
c:\users\valkyrie\documents\_school\software engineering\code\hotelgui - combined\project2\debug\mainmenu.tlog\link.7544.read.1.tlog
c:\users\valkyrie\documents\_school\software engineering\code\hotelgui - combined\project2\debug\mainmenu.tlog\link.7544.write.1.tlog
c:\users\valkyrie\documents\_school\software engineering\code\hotelgui - combined\project2\debug\mainmenu.tlog\link.8524-cvtres.read.1.tlog
c:\users\valkyrie\documents\_school\software engineering\code\hotelgui - combined\project2\debug\mainmenu.tlog\link.8524-cvtres.write.1.tlog
c:\users\valkyrie\documents\_school\software engineering\code\hotelgui - combined\project2\debug\mainmenu.tlog\link.8524-rc.read.1.tlog
c:\users\valkyrie\documents\_school\software engineering\code\hotelgui - combined\project2\debug\mainmenu.tlog\link.8524-rc.write.1.tlog
c:\users\valkyrie\documents\_school\software engineering\code\hotelgui - combined\project2\debug\mainmenu.tlog\link.8524.read.1.tlog
c:\users\valkyrie\documents\_school\software engineering\code\hotelgui - combined\project2\debug\mainmenu.tlog\link.8524.write.1.tlog
c:\users\valkyrie\documents\_school\software engineering\code\hotelgui - combined\project2\debug\mainmenu.tlog\link.command.1.tlog
c:\users\valkyrie\documents\_school\software engineering\code\hotelgui - combined\project2\debug\mainmenu.tlog\link.read.1.tlog
c:\users\valkyrie\documents\_school\software engineering\code\hotelgui - combined\project2\debug\mainmenu.tlog\link.write.1.tlog
c:\users\valkyrie\documents\_school\software engineering\code\hotelgui - combined\project2\debug\mainmenu.tlog\mainmenu.write.1u.tlog
c:\users\valkyrie\documents\_school\software engineering\code\hotelgui - combined\project2\debug\mainmenu.tlog\metagen.read.1.tlog
c:\users\valkyrie\documents\_school\software engineering\code\hotelgui - combined\project2\debug\mainmenu.tlog\metagen.write.1.tlog
c:\users\valkyrie\documents\_school\software engineering\code\hotelgui - combined\project2\debug\mainmenu.tlog\rc.command.1.tlog
c:\users\valkyrie\documents\_school\software engineering\code\hotelgui - combined\project2\debug\mainmenu.tlog\rc.read.1.tlog
c:\users\valkyrie\documents\_school\software engineering\code\hotelgui - combined\project2\debug\mainmenu.tlog\rc.write.1.tlog
c:\users\valkyrie\documents\_school\software engineering\code\hotelgui - combined\project2\debug\mainmenu.tlog\rsaenh.dll.bi
c:\users\valkyrie\documents\_school\software engineering\code\hotelgui - combined\project2\debug\mainmenu.tlog\tzres.dll.bi
