C:\USERS\FLORES FAMILY\DESKTOP\HOTELGUI - FELIPE\PROJECT2\DEBUG\RESERVATION.OBJ
C:\USERS\FLORES FAMILY\DESKTOP\HOTELGUI - FELIPE\PROJECT2\DEBUG\REQUIREDINFO.OBJ
C:\USERS\FLORES FAMILY\DESKTOP\HOTELGUI - FELIPE\PROJECT2\DEBUG\GENERALINFO.OBJ
C:\USERS\FLORES FAMILY\DESKTOP\HOTELGUI - FELIPE\PROJECT2\DEBUG\EXTRAFEATURES.OBJ
C:\USERS\FLORES FAMILY\DESKTOP\HOTELGUI - FELIPE\PROJECT2\DEBUG\DATE.OBJ
C:\USERS\FLORES FAMILY\DESKTOP\HOTELGUI - FELIPE\PROJECT2\DEBUG\CREDITCARD.OBJ
C:\USERS\FLORES FAMILY\DESKTOP\HOTELGUI - FELIPE\PROJECT2\DEBUG\RESERVATIONMENU.OBJ
C:\USERS\FLORES FAMILY\DESKTOP\HOTELGUI - FELIPE\PROJECT2\DEBUG\MAIN.OBJ
C:\USERS\FLORES FAMILY\DESKTOP\HOTELGUI - FELIPE\PROJECT2\DEBUG\INVENTORYMENU.OBJ
C:\USERS\FLORES FAMILY\DESKTOP\HOTELGUI - FELIPE\PROJECT2\DEBUG\REPORTSMENU.OBJ
C:\USERS\FLORES FAMILY\DESKTOP\HOTELGUI - FELIPE\PROJECT2\DEBUG\RATESMENU.OBJ
C:\USERS\FLORES FAMILY\DESKTOP\HOTELGUI - FELIPE\PROJECT2\DEBUG\MAINMENU.OBJ
C:\USERS\FLORES FAMILY\DESKTOP\HOTELGUI - FELIPE\PROJECT2\DEBUG\HOTEL.OBJ
C:\USERS\FLORES FAMILY\DESKTOP\HOTELGUI - FELIPE\PROJECT2\DEBUG\DB.OBJ
C:\USERS\FLORES FAMILY\DESKTOP\HOTELGUI - FELIPE\PROJECT2\DEBUG\DATESELECTIONCALENDAR.OBJ
C:\USERS\FLORES FAMILY\DESKTOP\HOTELGUI - FELIPE\PROJECT2\DEBUG\ACCOUNTSVECTOR.OBJ
C:\USERS\FLORES FAMILY\DESKTOP\HOTELGUI - FELIPE\PROJECT2\DEBUG\ACCOUNTSMANAGER.OBJ
C:\USERS\FLORES FAMILY\DESKTOP\HOTELGUI - FELIPE\PROJECT2\DEBUG\ACCOUNTSEMPLOYEE.OBJ
C:\USERS\FLORES FAMILY\DESKTOP\HOTELGUI - FELIPE\PROJECT2\DEBUG\ACCOUNTS.OBJ
C:\USERS\FLORES FAMILY\DESKTOP\HOTELGUI - FELIPE\PROJECT2\DEBUG\ACCOUNTMENU.OBJ
C:\USERS\FLORES FAMILY\DESKTOP\HOTELGUI - FELIPE\PROJECT2\DEBUG\USERNAMEPASSWORDINPUT.OBJ
C:\USERS\FLORES FAMILY\DESKTOP\HOTELGUI - FELIPE\PROJECT2\DEBUG\ROOMTYPE.OBJ
C:\USERS\FLORES FAMILY\DESKTOP\HOTELGUI - FELIPE\PROJECT2\DEBUG\ROOM.OBJ
C:\USERS\FLORES FAMILY\DESKTOP\HOTELGUI - FELIPE\PROJECT2\DEBUG\FEATURES.OBJ
C:\USERS\FLORES FAMILY\DESKTOP\HOTELGUI - FELIPE\PROJECT2\DEBUG\ROOMCALENDAR.OBJ
C:\USERS\FLORES FAMILY\DESKTOP\HOTELGUI - FELIPE\PROJECT2\DEBUG\VC110.PDB
C:\USERS\FLORES FAMILY\DESKTOP\HOTELGUI - FELIPE\PROJECT2\DEBUG\SQLITE3.OBJ
C:\USERS\FLORES FAMILY\DESKTOP\HOTELGUI - FELIPE\PROJECT2\DEBUG\.NETFRAMEWORK,VERSION=V4.5.ASSEMBLYATTRIBUTES.OBJ
C:\USERS\FLORES FAMILY\DESKTOP\HOTELGUI - FELIPE\DEBUG\MAINMENU.ILK
C:\USERS\FLORES FAMILY\DESKTOP\HOTELGUI - FELIPE\DEBUG\MAINMENU.EXE
C:\USERS\FLORES FAMILY\DESKTOP\HOTELGUI - FELIPE\DEBUG\MAINMENU.PDB
C:\Users\Flores Family\Desktop\HotelGUI - Felipe\Project2\Debug\Project2.AccountMenu.resources
C:\Users\Flores Family\Desktop\HotelGUI - Felipe\Project2\Debug\Project2.dateSelectionCalendar.resources
C:\Users\Flores Family\Desktop\HotelGUI - Felipe\Project2\Debug\Project2.MainMenu.resources
C:\Users\Flores Family\Desktop\HotelGUI - Felipe\Project2\Debug\Project2.InventoryMenu.resources
C:\Users\Flores Family\Desktop\HotelGUI - Felipe\Project2\Debug\Project2.RatesMenu.resources
C:\Users\Flores Family\Desktop\HotelGUI - Felipe\Project2\Debug\Project2.ReportsMenu.resources
C:\Users\Flores Family\Desktop\HotelGUI - Felipe\Project2\Debug\Project2.ReservationMenu.resources
C:\Users\Flores Family\Desktop\HotelGUI - Felipe\Project2\Debug\Project2.RoomCalendar.resources
C:\Users\Flores Family\Desktop\HotelGUI - Felipe\Project2\Debug\Project2.usernamePasswordInput.resources
C:\USERS\FLORES FAMILY\DESKTOP\HOTELGUI - FELIPE\PROJECT2\DEBUG\MAINMENU.RES
C:\Users\Flores Family\Desktop\HotelGUI - Felipe\Project2\Debug\Project2.vcxproj.GenerateResource.Cache
C:\Users\Flores Family\Desktop\HotelGUI - Felipe\Project2\Debug\.NETFramework,Version=v4.5.AssemblyAttributes.obj
C:\Users\Flores Family\Desktop\HotelGUI - Felipe\Project2\Debug\AccountMenu.obj
C:\Users\Flores Family\Desktop\HotelGUI - Felipe\Project2\Debug\Accounts.obj
C:\Users\Flores Family\Desktop\HotelGUI - Felipe\Project2\Debug\AccountsEmployee.obj
C:\Users\Flores Family\Desktop\HotelGUI - Felipe\Project2\Debug\AccountsManager.obj
C:\Users\Flores Family\Desktop\HotelGUI - Felipe\Project2\Debug\AccountsVector.obj
C:\Users\Flores Family\Desktop\HotelGUI - Felipe\Project2\Debug\CreditCard.obj
C:\Users\Flores Family\Desktop\HotelGUI - Felipe\Project2\Debug\Date.obj
C:\Users\Flores Family\Desktop\HotelGUI - Felipe\Project2\Debug\dateSelectionCalendar.obj
C:\Users\Flores Family\Desktop\HotelGUI - Felipe\Project2\Debug\DB.obj
C:\Users\Flores Family\Desktop\HotelGUI - Felipe\Project2\Debug\ExtraFeatures.obj
C:\Users\Flores Family\Desktop\HotelGUI - Felipe\Project2\Debug\Features.obj
C:\Users\Flores Family\Desktop\HotelGUI - Felipe\Project2\Debug\GeneralInfo.obj
C:\Users\Flores Family\Desktop\HotelGUI - Felipe\Project2\Debug\Hotel.obj
C:\Users\Flores Family\Desktop\HotelGUI - Felipe\Project2\Debug\InventoryMenu.obj
C:\Users\Flores Family\Desktop\HotelGUI - Felipe\Project2\Debug\Main.obj
C:\Users\Flores Family\Desktop\HotelGUI - Felipe\Project2\Debug\MainMenu.obj
C:\Users\Flores Family\Desktop\HotelGUI - Felipe\Project2\Debug\RatesMenu.obj
C:\Users\Flores Family\Desktop\HotelGUI - Felipe\Project2\Debug\ReportsMenu.obj
C:\Users\Flores Family\Desktop\HotelGUI - Felipe\Project2\Debug\RequiredInfo.obj
C:\Users\Flores Family\Desktop\HotelGUI - Felipe\Project2\Debug\Reservation.obj
C:\Users\Flores Family\Desktop\HotelGUI - Felipe\Project2\Debug\ReservationMenu.obj
C:\Users\Flores Family\Desktop\HotelGUI - Felipe\Project2\Debug\Room.obj
C:\Users\Flores Family\Desktop\HotelGUI - Felipe\Project2\Debug\RoomCalendar.obj
C:\Users\Flores Family\Desktop\HotelGUI - Felipe\Project2\Debug\RoomType.obj
C:\Users\Flores Family\Desktop\HotelGUI - Felipe\Project2\Debug\sqlite3.obj
C:\Users\Flores Family\Desktop\HotelGUI - Felipe\Project2\Debug\usernamePasswordInput.obj
C:\Users\Flores Family\Desktop\HotelGUI - Felipe\Project2\Debug\cl.command.1.tlog
C:\Users\Flores Family\Desktop\HotelGUI - Felipe\Project2\Debug\CL.read.1.tlog
C:\Users\Flores Family\Desktop\HotelGUI - Felipe\Project2\Debug\CL.write.1.tlog
C:\Users\Flores Family\Desktop\HotelGUI - Felipe\Project2\Debug\link.6492-cvtres.read.1.tlog
C:\Users\Flores Family\Desktop\HotelGUI - Felipe\Project2\Debug\link.6492-cvtres.write.1.tlog
C:\Users\Flores Family\Desktop\HotelGUI - Felipe\Project2\Debug\link.6492-rc.read.1.tlog
C:\Users\Flores Family\Desktop\HotelGUI - Felipe\Project2\Debug\link.6492-rc.write.1.tlog
C:\Users\Flores Family\Desktop\HotelGUI - Felipe\Project2\Debug\link.6492.read.1.tlog
C:\Users\Flores Family\Desktop\HotelGUI - Felipe\Project2\Debug\link.6492.write.1.tlog
C:\Users\Flores Family\Desktop\HotelGUI - Felipe\Project2\Debug\link.command.1.tlog
C:\Users\Flores Family\Desktop\HotelGUI - Felipe\Project2\Debug\link.read.1.tlog
C:\Users\Flores Family\Desktop\HotelGUI - Felipe\Project2\Debug\link.write.1.tlog
C:\Users\Flores Family\Desktop\HotelGUI - Felipe\Project2\Debug\MainMenu.write.1.tlog
C:\Users\Flores Family\Desktop\HotelGUI - Felipe\Project2\Debug\metagen.read.1.tlog
C:\Users\Flores Family\Desktop\HotelGUI - Felipe\Project2\Debug\metagen.write.1.tlog
C:\Users\Flores Family\Desktop\HotelGUI - Felipe\Project2\Debug\rc.command.1.tlog
C:\Users\Flores Family\Desktop\HotelGUI - Felipe\Project2\Debug\rc.read.1.tlog
C:\Users\Flores Family\Desktop\HotelGUI - Felipe\Project2\Debug\rc.write.1.tlog
C:\Users\Flores Family\Desktop\HotelGUI - Felipe\Project2\Debug\MainMenu.res
C:\Users\Flores Family\Desktop\HotelGUI - Felipe\Project2\Debug\vc110.pdb
C:\Users\Flores Family\Desktop\HotelGUI - Felipe\Project2\Debug\RSAENH.DLL.bi
C:\Users\Flores Family\Desktop\HotelGUI - Felipe\Project2\Debug\TZRES.DLL.bi
C:\Users\Flores Family\Desktop\HotelGUI - Felipe\Debug\MainMenu.pdb
C:\Users\Flores Family\Desktop\HotelGUI - Felipe\Debug\MainMenu.exe
C:\Users\Flores Family\Desktop\HotelGUI - Felipe\Debug\MainMenu.ilk
